Arguments: 
  C:\Program Files\nodejs\node.exe C:\Users\Lenovo\AppData\Roaming\npm\node_modules\yarn\bin\yarn.js add parcel-bundler.html

PATH: 
  C:\Program Files (x86)\Common Files\Intel\Shared Libraries\redist\intel64\compiler;C:\Program Files (x86)\AMD APP\bin\x86_64;C:\Program Files (x86)\AMD APP\bin\x86;C:\Windows\system32;C:\Windows;C:\Windows\System32\Wbem;C:\Windows\System32\WindowsPowerShell\v1.0\;C:\Program Files (x86)\ATI Technologies\ATI.ACE\Core-Static;C:\Program Files\nodejs\;C:\Program Files\PuTTY\;C:\Program Files (x86)\Git\cmd;;C:\Users\Lenovo\AppData\Local\Programs\Microsoft VS Code\bin;C:\Users\Lenovo\AppData\Roaming\npm

Yarn version: 
  1.22.10

Node version: 
  13.14.0

Platform: 
  win32 x64

Trace: 
  Error: https://registry.yarnpkg.com/parcel-bundler.html: Not found
      at Request.params.callback [as _callback] (C:\Users\Lenovo\AppData\Roaming\npm\node_modules\yarn\lib\cli.js:66988:18)
      at Request.self.callback (C:\Users\Lenovo\AppData\Roaming\npm\node_modules\yarn\lib\cli.js:140662:22)
      at Request.emit (events.js:315:20)
      at Request.<anonymous> (C:\Users\Lenovo\AppData\Roaming\npm\node_modules\yarn\lib\cli.js:141634:10)
      at Request.emit (events.js:315:20)
      at IncomingMessage.<anonymous> (C:\Users\Lenovo\AppData\Roaming\npm\node_modules\yarn\lib\cli.js:141556:12)
      at Object.onceWrapper (events.js:421:28)
      at IncomingMessage.emit (events.js:327:22)
      at endReadableNT (_stream_readable.js:1201:12)
      at processTicksAndRejections (internal/process/task_queues.js:84:21)

npm manifest: 
  {
    "name": "clear",
    "version": "1.0.0",
    "description": "",
    "main": "index.js",
    "scripts": {
      "test": "echo \"Error: no test specified\" && exit 1"
    },
    "author": "",
    "license": "ISC",
    "dependencies": {
      "agent": "^0.2.1",
      "babel-core": "^6.26.3",
      "babel-preset-env": "^1.7.0",
      "babel-preset-react": "^6.24.1",
      "react": "^17.0.2",
      "react-dom": "^17.0.2",
      "super": "^0.2.3"
    },
    "devDependencies": {
      "@babel/core": "^7.14.3",
      "@babel/preset-env": "^7.14.2",
      "@babel/preset-react": "^7.13.13"
    },
    "repository": {
      "type": "git",
      "url": "git+https://github.com/Mike-Collogio/project_react.git"
    },
    "bugs": {
      "url": "https://github.com/Mike-Collogio/project_react/issues"
    },
    "homepage": "https://github.com/Mike-Collogio/project_react#readme"
  }

yarn manifest: 
  No manifest

Lockfile: 
  No lockfile
